2020-12-17 10:57:23.422  INFO 5192 --- [main] com.example.demo.EcommerceApplication    : Starting EcommerceApplication on DESKTOP-07S313P with PID 5192 (started by Pinky in C:\Udacity\Java Developer\Projects\JDND-master\projects\P04-eCommerce Application)
2020-12-17 10:57:23.438  INFO 5192 --- [main] com.example.demo.EcommerceApplication    : No active profile set, falling back to default profiles: default
2020-12-17 10:57:24.345  INFO 5192 --- [main] .s.d.r.c.RepositoryConfigurationDelegate : Bootstrapping Spring Data repositories in DEFAULT mode.
2020-12-17 10:57:24.419  INFO 5192 --- [main] .s.d.r.c.RepositoryConfigurationDelegate : Finished Spring Data repository scanning in 61ms. Found 4 repository interfaces.
2020-12-17 10:57:24.952  INFO 5192 --- [main] trationDelegate$BeanPostProcessorChecker : Bean 'org.springframework.transaction.annotation.ProxyTransactionManagementConfiguration' of type [org.springframework.transaction.annotation.ProxyTransactionManagementConfiguration$$EnhancerBySpringCGLIB$$7d80915f] is not eligible for getting processed by all BeanPostProcessors (for example: not eligible for auto-proxying)
2020-12-17 10:57:25.327  INFO 5192 --- [main] o.s.b.w.embedded.tomcat.TomcatWebServer  : Tomcat initialized with port(s): 8080 (http)
2020-12-17 10:57:25.357  INFO 5192 --- [main] o.apache.catalina.core.StandardService   : Starting service [Tomcat]
2020-12-17 10:57:25.357  INFO 5192 --- [main] org.apache.catalina.core.StandardEngine  : Starting Servlet engine: [Apache Tomcat/9.0.19]
2020-12-17 10:57:25.503  INFO 5192 --- [main] o.a.c.c.C.[Tomcat].[localhost].[/]       : Initializing Spring embedded WebApplicationContext
2020-12-17 10:57:25.504  INFO 5192 --- [main] o.s.web.context.ContextLoader            : Root WebApplicationContext: initialization completed in 1988 ms
2020-12-17 10:57:25.737  INFO 5192 --- [main] com.zaxxer.hikari.HikariDataSource       : HikariPool-1 - Starting...
2020-12-17 10:57:25.950  INFO 5192 --- [main] com.zaxxer.hikari.HikariDataSource       : HikariPool-1 - Start completed.
2020-12-17 10:57:26.025  INFO 5192 --- [main] o.hibernate.jpa.internal.util.LogHelper  : HHH000204: Processing PersistenceUnitInfo [
	name: default
	...]
2020-12-17 10:57:26.134  INFO 5192 --- [main] org.hibernate.Version                    : HHH000412: Hibernate Core {5.3.10.Final}
2020-12-17 10:57:26.136  INFO 5192 --- [main] org.hibernate.cfg.Environment            : HHH000206: hibernate.properties not found
2020-12-17 10:57:26.341  INFO 5192 --- [main] o.hibernate.annotations.common.Version   : HCANN000001: Hibernate Commons Annotations {5.0.4.Final}
2020-12-17 10:57:26.520  INFO 5192 --- [main] org.hibernate.dialect.Dialect            : HHH000400: Using dialect: org.hibernate.dialect.H2Dialect
2020-12-17 10:57:27.302  INFO 5192 --- [main] o.h.t.schema.internal.SchemaCreatorImpl  : HHH000476: Executing import script 'org.hibernate.tool.schema.internal.exec.ScriptSourceInputNonExistentImpl@5c3710b3'
2020-12-17 10:57:27.304  INFO 5192 --- [main] j.LocalContainerEntityManagerFactoryBean : Initialized JPA EntityManagerFactory for persistence unit 'default'
2020-12-17 10:57:28.056  WARN 5192 --- [main] aWebConfiguration$JpaWebMvcConfiguration : spring.jpa.open-in-view is enabled by default. Therefore, database queries may be performed during view rendering. Explicitly configure spring.jpa.open-in-view to disable this warning
2020-12-17 10:57:28.158  INFO 5192 --- [main] o.s.s.web.DefaultSecurityFilterChain     : Creating filter chain: any request, [org.springframework.security.web.context.request.async.WebAsyncManagerIntegrationFilter@735167e1, org.springframework.security.web.context.SecurityContextPersistenceFilter@783f5f71, org.springframework.security.web.header.HeaderWriterFilter@59831016, org.springframework.web.filter.CorsFilter@67689c81, org.springframework.security.web.authentication.logout.LogoutFilter@15ee8861, com.example.demo.security.JWTAuthenticationFilter@21a0795f, com.example.demo.security.JWTAuthenticationVerficationFilter@2ec156fb, org.springframework.security.web.savedrequest.RequestCacheAwareFilter@66fff42f, org.springframework.security.web.servletapi.SecurityContextHolderAwareRequestFilter@2ae7c1d, org.springframework.security.web.authentication.AnonymousAuthenticationFilter@56d742ad, org.springframework.security.web.session.SessionManagementFilter@63b0b3dd, org.springframework.security.web.access.ExceptionTranslationFilter@5606d537, org.springframework.security.web.access.intercept.FilterSecurityInterceptor@24668b5b]
2020-12-17 10:57:28.295  INFO 5192 --- [main] o.s.s.concurrent.ThreadPoolTaskExecutor  : Initializing ExecutorService 'applicationTaskExecutor'
2020-12-17 10:57:28.529  INFO 5192 --- [main] o.s.b.w.embedded.tomcat.TomcatWebServer  : Tomcat started on port(s): 8080 (http) with context path ''
2020-12-17 10:57:28.533  INFO 5192 --- [main] com.example.demo.EcommerceApplication    : Started EcommerceApplication in 5.609 seconds (JVM running for 6.179)
2020-12-17 11:16:05.734  INFO 5192 --- [http-nio-8080-exec-2] o.a.c.c.C.[Tomcat].[localhost].[/]       : Initializing Spring DispatcherServlet 'dispatcherServlet'
2020-12-17 11:16:05.735  INFO 5192 --- [http-nio-8080-exec-2] o.s.web.servlet.DispatcherServlet        : Initializing Servlet 'dispatcherServlet'
2020-12-17 11:16:05.747  INFO 5192 --- [http-nio-8080-exec-2] o.s.web.servlet.DispatcherServlet        : Completed initialization in 12 ms
2020-12-17 11:16:05.937 ERROR 5192 --- [http-nio-8080-exec-2] c.e.demo.controllers.UserController      : Error with user password. Cannot create user Jack
2020-12-17 11:16:25.191 ERROR 5192 --- [http-nio-8080-exec-4] c.e.demo.controllers.UserController      : Error with user password. Cannot create user Jack
2020-12-17 11:27:53.912  INFO 5192 --- [http-nio-8080-exec-6] c.e.demo.controllers.UserController      : User created successfully 
2020-12-17 11:28:11.854  INFO 5192 --- [http-nio-8080-exec-7] o.h.h.i.QueryTranslatorFactoryInitiator  : HHH000397: Using ASTQueryTranslatorFactory
2020-12-17 11:28:12.026 ERROR 5192 --- [http-nio-8080-exec-7] c.e.demo.controllers.UserController      : Find user - Success
2020-12-17 11:28:21.611  INFO 5192 --- [http-nio-8080-exec-8] c.e.demo.controllers.OrderController     : Found user
2020-12-17 11:30:11.753  INFO 5192 --- [http-nio-8080-exec-1] c.e.d.security.UserDetailsServiceImpl    : Find user - Success
2020-12-17 11:30:54.238 ERROR 5192 --- [http-nio-8080-exec-2] c.e.demo.controllers.UserController      : Find user - Success
2020-12-17 11:31:34.308  INFO 5192 --- [http-nio-8080-exec-4] c.e.demo.controllers.OrderController     : Found user
2020-12-17 11:31:54.623  INFO 5192 --- [http-nio-8080-exec-5] c.e.demo.controllers.OrderController     : Found user
2020-12-17 11:32:00.744  INFO 5192 --- [http-nio-8080-exec-6] c.e.demo.controllers.OrderController     : Found user
2020-12-17 13:41:11.152  WARN 5192 --- [HikariPool-1 housekeeper] com.zaxxer.hikari.pool.HikariPool        : HikariPool-1 - Thread starvation or clock leap detected (housekeeper delta=1h23m14s882ms395µs800ns).
2020-12-17 17:36:31.017  WARN 5192 --- [HikariPool-1 housekeeper] com.zaxxer.hikari.pool.HikariPool        : HikariPool-1 - Thread starvation or clock leap detected (housekeeper delta=1h57m49s489ms984µs800ns).
2020-12-17 19:55:11.124  INFO 2088 --- [main] com.example.demo.EcommerceApplication    : Starting EcommerceApplication on DESKTOP-07S313P with PID 2088 (started by Pinky in C:\Udacity\Java Developer\Projects\JDND-master\projects\P04-eCommerce Application)
2020-12-17 19:55:11.127  INFO 2088 --- [main] com.example.demo.EcommerceApplication    : No active profile set, falling back to default profiles: default
2020-12-17 19:55:11.990  INFO 2088 --- [main] .s.d.r.c.RepositoryConfigurationDelegate : Bootstrapping Spring Data repositories in DEFAULT mode.
2020-12-17 19:55:12.080  INFO 2088 --- [main] .s.d.r.c.RepositoryConfigurationDelegate : Finished Spring Data repository scanning in 78ms. Found 4 repository interfaces.
2020-12-17 19:55:12.686  INFO 2088 --- [main] trationDelegate$BeanPostProcessorChecker : Bean 'org.springframework.transaction.annotation.ProxyTransactionManagementConfiguration' of type [org.springframework.transaction.annotation.ProxyTransactionManagementConfiguration$$EnhancerBySpringCGLIB$$3dbbcfee] is not eligible for getting processed by all BeanPostProcessors (for example: not eligible for auto-proxying)
2020-12-17 19:55:13.074  INFO 2088 --- [main] o.s.b.w.embedded.tomcat.TomcatWebServer  : Tomcat initialized with port(s): 8080 (http)
2020-12-17 19:55:13.113  INFO 2088 --- [main] o.apache.catalina.core.StandardService   : Starting service [Tomcat]
2020-12-17 19:55:13.114  INFO 2088 --- [main] org.apache.catalina.core.StandardEngine  : Starting Servlet engine: [Apache Tomcat/9.0.19]
2020-12-17 19:55:13.284  INFO 2088 --- [main] o.a.c.c.C.[Tomcat].[localhost].[/]       : Initializing Spring embedded WebApplicationContext
2020-12-17 19:55:13.284  INFO 2088 --- [main] o.s.web.context.ContextLoader            : Root WebApplicationContext: initialization completed in 2083 ms
2020-12-17 19:55:13.510  INFO 2088 --- [main] com.zaxxer.hikari.HikariDataSource       : HikariPool-1 - Starting...
2020-12-17 19:55:13.740  INFO 2088 --- [main] com.zaxxer.hikari.HikariDataSource       : HikariPool-1 - Start completed.
2020-12-17 19:55:13.808  INFO 2088 --- [main] o.hibernate.jpa.internal.util.LogHelper  : HHH000204: Processing PersistenceUnitInfo [
	name: default
	...]
2020-12-17 19:55:13.931  INFO 2088 --- [main] org.hibernate.Version                    : HHH000412: Hibernate Core {5.3.10.Final}
2020-12-17 19:55:13.933  INFO 2088 --- [main] org.hibernate.cfg.Environment            : HHH000206: hibernate.properties not found
2020-12-17 19:55:14.112  INFO 2088 --- [main] o.hibernate.annotations.common.Version   : HCANN000001: Hibernate Commons Annotations {5.0.4.Final}
2020-12-17 19:55:14.301  INFO 2088 --- [main] org.hibernate.dialect.Dialect            : HHH000400: Using dialect: org.hibernate.dialect.H2Dialect
2020-12-17 19:55:15.098  INFO 2088 --- [main] o.h.t.schema.internal.SchemaCreatorImpl  : HHH000476: Executing import script 'org.hibernate.tool.schema.internal.exec.ScriptSourceInputNonExistentImpl@686e7513'
2020-12-17 19:55:15.101  INFO 2088 --- [main] j.LocalContainerEntityManagerFactoryBean : Initialized JPA EntityManagerFactory for persistence unit 'default'
2020-12-17 19:55:15.864  WARN 2088 --- [main] aWebConfiguration$JpaWebMvcConfiguration : spring.jpa.open-in-view is enabled by default. Therefore, database queries may be performed during view rendering. Explicitly configure spring.jpa.open-in-view to disable this warning
2020-12-17 19:55:15.972  INFO 2088 --- [main] o.s.s.web.DefaultSecurityFilterChain     : Creating filter chain: any request, [org.springframework.security.web.context.request.async.WebAsyncManagerIntegrationFilter@51fa09c7, org.springframework.security.web.context.SecurityContextPersistenceFilter@6afaf27, org.springframework.security.web.header.HeaderWriterFilter@476a970c, org.springframework.web.filter.CorsFilter@73db7df0, org.springframework.security.web.authentication.logout.LogoutFilter@14d53884, com.example.demo.security.JWTAuthenticationFilter@44a485bc, com.example.demo.security.JWTAuthenticationVerficationFilter@1c66cd02, org.springframework.security.web.savedrequest.RequestCacheAwareFilter@362c48c, org.springframework.security.web.servletapi.SecurityContextHolderAwareRequestFilter@27d5eb00, org.springframework.security.web.authentication.AnonymousAuthenticationFilter@1d535b78, org.springframework.security.web.session.SessionManagementFilter@34626d4, org.springframework.security.web.access.ExceptionTranslationFilter@5868ea91, org.springframework.security.web.access.intercept.FilterSecurityInterceptor@6148827c]
2020-12-17 19:55:16.129  INFO 2088 --- [main] o.s.s.concurrent.ThreadPoolTaskExecutor  : Initializing ExecutorService 'applicationTaskExecutor'
2020-12-17 19:55:16.357 ERROR 2088 --- [main] org.apache.catalina.util.LifecycleBase   : Failed to start component [Connector[HTTP/1.1-8080]]

org.apache.catalina.LifecycleException: Protocol handler start failed
	at org.apache.catalina.connector.Connector.startInternal(Connector.java:1008) ~[tomcat-embed-core-9.0.19.jar:9.0.19]
	at org.apache.catalina.util.LifecycleBase.start(LifecycleBase.java:183) ~[tomcat-embed-core-9.0.19.jar:9.0.19]
	at org.apache.catalina.core.StandardService.addConnector(StandardService.java:226) ~[tomcat-embed-core-9.0.19.jar:9.0.19]
	at org.springframework.boot.web.embedded.tomcat.TomcatWebServer.addPreviouslyRemovedConnectors(TomcatWebServer.java:259) ~[spring-boot-2.1.5.RELEASE.jar:2.1.5.RELEASE]
	at org.springframework.boot.web.embedded.tomcat.TomcatWebServer.start(TomcatWebServer.java:197) ~[spring-boot-2.1.5.RELEASE.jar:2.1.5.RELEASE]
	at org.springframework.boot.web.servlet.context.ServletWebServerApplicationContext.startWebServer(ServletWebServerApplicationContext.java:311) ~[spring-boot-2.1.5.RELEASE.jar:2.1.5.RELEASE]
	at org.springframework.boot.web.servlet.context.ServletWebServerApplicationContext.finishRefresh(ServletWebServerApplicationContext.java:164) ~[spring-boot-2.1.5.RELEASE.jar:2.1.5.RELEASE]
	at org.springframework.context.support.AbstractApplicationContext.refresh(AbstractApplicationContext.java:552) ~[spring-context-5.1.7.RELEASE.jar:5.1.7.RELEASE]
	at org.springframework.boot.web.servlet.context.ServletWebServerApplicationContext.refresh(ServletWebServerApplicationContext.java:142) ~[spring-boot-2.1.5.RELEASE.jar:2.1.5.RELEASE]
	at org.springframework.boot.SpringApplication.refresh(SpringApplication.java:775) ~[spring-boot-2.1.5.RELEASE.jar:2.1.5.RELEASE]
	at org.springframework.boot.SpringApplication.refreshContext(SpringApplication.java:397) ~[spring-boot-2.1.5.RELEASE.jar:2.1.5.RELEASE]
	at org.springframework.boot.SpringApplication.run(SpringApplication.java:316) ~[spring-boot-2.1.5.RELEASE.jar:2.1.5.RELEASE]
	at org.springframework.boot.SpringApplication.run(SpringApplication.java:1260) ~[spring-boot-2.1.5.RELEASE.jar:2.1.5.RELEASE]
	at org.springframework.boot.SpringApplication.run(SpringApplication.java:1248) ~[spring-boot-2.1.5.RELEASE.jar:2.1.5.RELEASE]
	at com.example.demo.EcommerceApplication.main(EcommerceApplication.java:22) ~[classes/:na]
Caused by: java.net.BindException: Address already in use: bind
	at java.base/sun.nio.ch.Net.bind0(Native Method) ~[na:na]
	at java.base/sun.nio.ch.Net.bind(Net.java:479) ~[na:na]
	at java.base/sun.nio.ch.Net.bind(Net.java:468) ~[na:na]
	at java.base/sun.nio.ch.ServerSocketChannelImpl.bind(ServerSocketChannelImpl.java:220) ~[na:na]
	at java.base/sun.nio.ch.ServerSocketAdaptor.bind(ServerSocketAdaptor.java:88) ~[na:na]
	at org.apache.tomcat.util.net.NioEndpoint.initServerSocket(NioEndpoint.java:239) ~[tomcat-embed-core-9.0.19.jar:9.0.19]
	at org.apache.tomcat.util.net.NioEndpoint.bind(NioEndpoint.java:213) ~[tomcat-embed-core-9.0.19.jar:9.0.19]
	at org.apache.tomcat.util.net.AbstractEndpoint.bindWithCleanup(AbstractEndpoint.java:1116) ~[tomcat-embed-core-9.0.19.jar:9.0.19]
	at org.apache.tomcat.util.net.AbstractEndpoint.start(AbstractEndpoint.java:1202) ~[tomcat-embed-core-9.0.19.jar:9.0.19]
	at org.apache.coyote.AbstractProtocol.start(AbstractProtocol.java:568) ~[tomcat-embed-core-9.0.19.jar:9.0.19]
	at org.apache.catalina.connector.Connector.startInternal(Connector.java:1005) ~[tomcat-embed-core-9.0.19.jar:9.0.19]
	... 14 common frames omitted

2020-12-17 19:55:16.362  INFO 2088 --- [main] o.apache.catalina.core.StandardService   : Stopping service [Tomcat]
2020-12-17 19:55:16.368  WARN 2088 --- [main] o.a.c.loader.WebappClassLoaderBase       : The web application [ROOT] appears to have started a thread named [HikariPool-1 housekeeper] but has failed to stop it. This is very likely to create a memory leak. Stack trace of thread:
 java.base@14.0.2/jdk.internal.misc.Unsafe.park(Native Method)
 java.base@14.0.2/java.util.concurrent.locks.LockSupport.parkNanos(LockSupport.java:252)
 java.base@14.0.2/java.util.concurrent.locks.AbstractQueuedSynchronizer$ConditionObject.awaitNanos(AbstractQueuedSynchronizer.java:1661)
 java.base@14.0.2/java.util.concurrent.ScheduledThreadPoolExecutor$DelayedWorkQueue.take(ScheduledThreadPoolExecutor.java:1182)
 java.base@14.0.2/java.util.concurrent.ScheduledThreadPoolExecutor$DelayedWorkQueue.take(ScheduledThreadPoolExecutor.java:899)
 java.base@14.0.2/java.util.concurrent.ThreadPoolExecutor.getTask(ThreadPoolExecutor.java:1056)
 java.base@14.0.2/java.util.concurrent.ThreadPoolExecutor.runWorker(ThreadPoolExecutor.java:1116)
 java.base@14.0.2/java.util.concurrent.ThreadPoolExecutor$Worker.run(ThreadPoolExecutor.java:630)
 java.base@14.0.2/java.lang.Thread.run(Thread.java:832)
2020-12-17 19:55:16.369  WARN 2088 --- [main] o.a.c.loader.WebappClassLoaderBase       : The web application [ROOT] appears to have started a thread named [HikariPool-1 connection adder] but has failed to stop it. This is very likely to create a memory leak. Stack trace of thread:
 java.base@14.0.2/jdk.internal.misc.Unsafe.park(Native Method)
 java.base@14.0.2/java.util.concurrent.locks.LockSupport.parkNanos(LockSupport.java:252)
 java.base@14.0.2/java.util.concurrent.locks.AbstractQueuedSynchronizer$ConditionObject.awaitNanos(AbstractQueuedSynchronizer.java:1661)
 java.base@14.0.2/java.util.concurrent.LinkedBlockingQueue.poll(LinkedBlockingQueue.java:460)
 java.base@14.0.2/java.util.concurrent.ThreadPoolExecutor.getTask(ThreadPoolExecutor.java:1055)
 java.base@14.0.2/java.util.concurrent.ThreadPoolExecutor.runWorker(ThreadPoolExecutor.java:1116)
 java.base@14.0.2/java.util.concurrent.ThreadPoolExecutor$Worker.run(ThreadPoolExecutor.java:630)
 java.base@14.0.2/java.lang.Thread.run(Thread.java:832)
2020-12-17 19:55:16.380  INFO 2088 --- [main] ConditionEvaluationReportLoggingListener : 

Error starting ApplicationContext. To display the conditions report re-run your application with 'debug' enabled.
2020-12-17 19:55:16.382 ERROR 2088 --- [main] o.s.b.d.LoggingFailureAnalysisReporter   : 

***************************
APPLICATION FAILED TO START
***************************

Description:

The Tomcat connector configured to listen on port 8080 failed to start. The port may already be in use or the connector may be misconfigured.

Action:

Verify the connector's configuration, identify and stop any process that's listening on port 8080, or configure this application to listen on another port.

2020-12-17 19:55:16.386  INFO 2088 --- [main] o.s.s.concurrent.ThreadPoolTaskExecutor  : Shutting down ExecutorService 'applicationTaskExecutor'
2020-12-17 19:55:16.388  INFO 2088 --- [main] j.LocalContainerEntityManagerFactoryBean : Closing JPA EntityManagerFactory for persistence unit 'default'
2020-12-17 19:55:16.389  INFO 2088 --- [main] .SchemaDropperImpl$DelayedDropActionImpl : HHH000477: Starting delayed evictData of schema as part of SessionFactory shut-down'
2020-12-17 19:55:16.403  INFO 2088 --- [main] com.zaxxer.hikari.HikariDataSource       : HikariPool-1 - Shutdown initiated...
2020-12-17 19:55:16.407  INFO 2088 --- [main] com.zaxxer.hikari.HikariDataSource       : HikariPool-1 - Shutdown completed.
